<?xml version="1.0" encoding="UTF-8"?>
<!-- Generated by org.testng.reporters.JUnitReportReporter -->
<testsuite hostname="LAPTOP-JM35NST0" failures="0" tests="1" name="automation.aboutusTest" time="81.922" errors="0" timestamp="2021-11-20T17:44:45 IST" skipped="0">
  <testcase classname="automation.aboutusTest" name="test2" time="81.922"/>
  <system-out/>
</testsuite> <!-- automation.aboutusTest -->
