<?xml version="1.0" encoding="UTF-8"?>
<!-- Generated by org.testng.reporters.JUnitReportReporter -->
<testsuite hostname="LAPTOP-JM35NST0" failures="0" tests="1" name="automation.AppTest" time="0.016" errors="0" timestamp="2021-11-20T15:15:17 IST" skipped="0">
  <testcase classname="automation.AppTest" name="shouldAnswerWithTrue" time="0.016"/>
  <system-out/>
</testsuite> <!-- automation.AppTest -->
