<?xml version="1.0" encoding="UTF-8"?>
<!-- Generated by org.testng.reporters.JUnitReportReporter -->
<testsuite hostname="LAPTOP-JM35NST0" failures="0" tests="1" name="automation.locationTest" time="73.950" errors="0" timestamp="2021-11-20T17:44:45 IST" skipped="0">
  <testcase classname="automation.locationTest" name="test3" time="73.950"/>
  <system-out/>
</testsuite> <!-- automation.locationTest -->
